Build started 02.01.2015 18:16:26.
     1>Project "C:\Users\Алексей\Documents\Visual Studio 2013\Projects\battlefield\battlefield\battlefield.vcxproj" on node 2 (Build target(s)).
     1>ClCompile:
         C:\Program Files (x86)\Microsoft Visual Studio 12.0\VC\bin\CL.exe /c /ZI /nologo /W3 /WX- /sdl /Od /Oy- /D WIN32 /D _DEBUG /D _CONSOLE /D _LIB /D _UNICODE /D UNICODE /Gm /EHsc /RTC1 /MDd /GS /fp:precise /Zc:wchar_t /Zc:forScope /Fo"Debug\\" /Fd"Debug\vc120.pdb" /Gd /TP /analyze- /errorReport:prompt Receiver.cpp level.cpp main.cpp
         Receiver.cpp
     1>d:\irrbullet-0.1.8\irrbullet-0.1.8\source\bheaders\bullet\bulletcollision\gimpact\btgimpactshape.h(909): warning C4316: 'btGImpactMeshShapePart' : object allocated on the heap may not be aligned 16
         Generating Code...
         Compiling...
         main.cpp
     1>d:\irrbullet-0.1.8\irrbullet-0.1.8\source\bheaders\bullet\bulletcollision\gimpact\btgimpactshape.h(909): warning C4316: 'btGImpactMeshShapePart' : object allocated on the heap may not be aligned 16
         level.cpp
     1>d:\irrbullet-0.1.8\irrbullet-0.1.8\source\bheaders\bullet\bulletcollision\gimpact\btgimpactshape.h(909): warning C4316: 'btGImpactMeshShapePart' : object allocated on the heap may not be aligned 16
     1>c:\users\алексей\documents\visual studio 2013\projects\battlefield\battlefield\level.cpp(21): warning C4305: 'argument' : truncation from 'double' to 'irr::f32'
     1>c:\users\алексей\documents\visual studio 2013\projects\battlefield\battlefield\level.cpp(27): warning C4305: 'argument' : truncation from 'double' to 'irr::f32'
         Generating Code...
       Link:
         C:\Program Files (x86)\Microsoft Visual Studio 12.0\VC\bin\link.exe /ERRORREPORT:PROMPT /OUT:"C:\Users\Алексей\Documents\Visual Studio 2013\Projects\battlefield\Debug\battlefield.exe" /INCREMENTAL /NOLOGO kernel32.lib user32.lib gdi32.lib winspool.lib comdlg32.lib advapi32.lib shell32.lib ole32.lib oleaut32.lib uuid.lib odbc32.lib odbccp32.lib /MANIFEST /MANIFESTUAC:"level='asInvoker' uiAccess='false'" /manifest:embed /DEBUG /PDB:"C:\Users\Алексей\Documents\Visual Studio 2013\Projects\battlefield\Debug\battlefield.pdb" /SUBSYSTEM:CONSOLE /TLBID:1 /DYNAMICBASE /NXCOMPAT /IMPLIB:"C:\Users\Алексей\Documents\Visual Studio 2013\Projects\battlefield\Debug\battlefield.lib" /MACHINE:X86 Debug\level.obj
         Debug\main.obj
         Debug\Receiver.obj
     1>MSVCRTD.lib(cinitexe.obj) : warning LNK4098: defaultlib 'msvcrt.lib' conflicts with use of other libs; use /NODEFAULTLIB:library
     1>irrBullet.lib(boxshape.obj) : warning LNK4099: PDB 'vc120.pdb' was not found with 'irrBullet.lib(boxshape.obj)' or at 'C:\Users\└ыхъёхщ\Documents\Visual Studio 2013\Projects\battlefield\Debug\vc120.pdb'; linking object as if no debug info
     1>irrBullet.lib(bulletworld.obj) : warning LNK4099: PDB 'vc120.pdb' was not found with 'irrBullet.lib(bulletworld.obj)' or at 'C:\Users\└ыхъёхщ\Documents\Visual Studio 2013\Projects\battlefield\Debug\vc120.pdb'; linking object as if no debug info
     1>irrBullet.lib(bvhtrianglemeshshape.obj) : warning LNK4099: PDB 'vc120.pdb' was not found with 'irrBullet.lib(bvhtrianglemeshshape.obj)' or at 'C:\Users\└ыхъёхщ\Documents\Visual Studio 2013\Projects\battlefield\Debug\vc120.pdb'; linking object as if no debug info
     1>irrBullet.lib(collisioncallbackinformation.obj) : warning LNK4099: PDB 'vc120.pdb' was not found with 'irrBullet.lib(collisioncallbackinformation.obj)' or at 'C:\Users\└ыхъёхщ\Documents\Visual Studio 2013\Projects\battlefield\Debug\vc120.pdb'; linking object as if no debug info
     1>irrBullet.lib(collisionobject.obj) : warning LNK4099: PDB 'vc120.pdb' was not found with 'irrBullet.lib(collisionobject.obj)' or at 'C:\Users\└ыхъёхщ\Documents\Visual Studio 2013\Projects\battlefield\Debug\vc120.pdb'; linking object as if no debug info
     1>irrBullet.lib(collisionshape.obj) : warning LNK4099: PDB 'vc120.pdb' was not found with 'irrBullet.lib(collisionshape.obj)' or at 'C:\Users\└ыхъёхщ\Documents\Visual Studio 2013\Projects\battlefield\Debug\vc120.pdb'; linking object as if no debug info
     1>irrBullet.lib(irrbullet.obj) : warning LNK4099: PDB 'vc120.pdb' was not found with 'irrBullet.lib(irrbullet.obj)' or at 'C:\Users\└ыхъёхщ\Documents\Visual Studio 2013\Projects\battlefield\Debug\vc120.pdb'; linking object as if no debug info
     1>irrBullet.lib(irrbulletcommon.obj) : warning LNK4099: PDB 'vc120.pdb' was not found with 'irrBullet.lib(irrbulletcommon.obj)' or at 'C:\Users\└ыхъёхщ\Documents\Visual Studio 2013\Projects\battlefield\Debug\vc120.pdb'; linking object as if no debug info
     1>irrBullet.lib(liquidbody.obj) : warning LNK4099: PDB 'vc120.pdb' was not found with 'irrBullet.lib(liquidbody.obj)' or at 'C:\Users\└ыхъёхщ\Documents\Visual Studio 2013\Projects\battlefield\Debug\vc120.pdb'; linking object as if no debug info
     1>irrBullet.lib(motionstate.obj) : warning LNK4099: PDB 'vc120.pdb' was not found with 'irrBullet.lib(motionstate.obj)' or at 'C:\Users\└ыхъёхщ\Documents\Visual Studio 2013\Projects\battlefield\Debug\vc120.pdb'; linking object as if no debug info
     1>irrBullet.lib(physicsdebug.obj) : warning LNK4099: PDB 'vc120.pdb' was not found with 'irrBullet.lib(physicsdebug.obj)' or at 'C:\Users\└ыхъёхщ\Documents\Visual Studio 2013\Projects\battlefield\Debug\vc120.pdb'; linking object as if no debug info
     1>irrBullet.lib(raycastvehicle.obj) : warning LNK4099: PDB 'vc120.pdb' was not found with 'irrBullet.lib(raycastvehicle.obj)' or at 'C:\Users\└ыхъёхщ\Documents\Visual Studio 2013\Projects\battlefield\Debug\vc120.pdb'; linking object as if no debug info
     1>irrBullet.lib(rigidbody.obj) : warning LNK4099: PDB 'vc120.pdb' was not found with 'irrBullet.lib(rigidbody.obj)' or at 'C:\Users\└ыхъёхщ\Documents\Visual Studio 2013\Projects\battlefield\Debug\vc120.pdb'; linking object as if no debug info
     1>irrBullet.lib(softbody.obj) : warning LNK4099: PDB 'vc120.pdb' was not found with 'irrBullet.lib(softbody.obj)' or at 'C:\Users\└ыхъёхщ\Documents\Visual Studio 2013\Projects\battlefield\Debug\vc120.pdb'; linking object as if no debug info
     1>irrBullet.lib(trianglemeshshape.obj) : warning LNK4099: PDB 'vc120.pdb' was not found with 'irrBullet.lib(trianglemeshshape.obj)' or at 'C:\Users\└ыхъёхщ\Documents\Visual Studio 2013\Projects\battlefield\Debug\vc120.pdb'; linking object as if no debug info
         battlefield.vcxproj -> C:\Users\Алексей\Documents\Visual Studio 2013\Projects\battlefield\Debug\battlefield.exe
     1>Done Building Project "C:\Users\Алексей\Documents\Visual Studio 2013\Projects\battlefield\battlefield\battlefield.vcxproj" (Build target(s)).

Build succeeded.

Time Elapsed 00:00:06.84
